Building DAG of jobs...
Using shell: /bin/bash
Provided cluster nodes: 150
Job counts:
	count	jobs
	1	all
	2	fastqc
	1	featurecount
	2	index_bam
	1	multiqc
	2	samtools_stats
	2	sort_bam
	2	star_se
	13

[Sun Dec 15 09:28:40 2019]
rule star_se:
    input: /project2/gilad/anthonyhung/Projects/OAStrain_project/fastq/YG-GH-12S-GH-1_S1_L006_R1_001.fastq.gz
    output: /project2/gilad/anthonyhung/Projects/OAStrain_project/bam/YG-GH-12S-GH-1_S1_L006.Log.final.out, /project2/gilad/anthonyhung/Projects/OAStrain_project/bam/YG-GH-12S-GH-1_S1_L006.bam
    jobid: 1
    wildcards: sample=YG-GH-12S-GH-1_S1_L006
    threads: 4

RuleException in line 77 of /project2/gilad/anthonyhung/Projects/OAStrain_project/bulkRNAseq/Pipeline/Snakefile:
NameError: The name 'outprefix' is unknown in this context. Please make sure that you defined that variable. Also note that braces not used for variable access have to be escaped by repeating them, i.e. {{print $1}}
