Building DAG of jobs...
Using shell: /bin/bash
Provided cluster nodes: 150
Job counts:
	count	jobs
	1	all
	2	fastqc
	2	star_se
	5

[Fri Dec 13 20:17:01 2019]
rule star_se:
    input: /project2/gilad/anthonyhung/Projects/OAStrain_project/fastq/YG-GH-12S-GH-1_S1_L006_R1_001.fastq.gz
    output: /project2/gilad/anthonyhung/Projects/OAStrain_project/bam/YG-GH-12S-GH-1_S1_L006.bam
    log: logs/star/YG-GH-12S-GH-1_S1_L006.log
    jobid: 3
    wildcards: sample=YG-GH-12S-GH-1_S1_L006
    threads: 4

STAR --runThreadN 4 --readFilesCommand zcat --genomeDir /project2/gilad/kenneth/References/human/STARindex/CellrangerReference/ --readFilesIn /project2/gilad/anthonyhung/Projects/OAStrain_project/fastq/YG-GH-12S-GH-1_S1_L006_R1_001.fastq.gz --outFileNamePrefix /project2/gilad/anthonyhung/Projects/OAStrain_project/bam/YG-GH-12S-GH-1_S1_L006.bam --outSAMtype BAM Unsorted
Submitted job 3 with external jobid 'Submitted batch job 64291820'.

[Fri Dec 13 20:17:01 2019]
rule fastqc:
    input: /project2/gilad/anthonyhung/Projects/OAStrain_project/fastq/YG-GH-12S-GH-1_S1_L006_R1_001.fastq.gz
    output: /project2/gilad/anthonyhung/Projects/OAStrain_project/fastqc/YG-GH-12S-GH-1_S1_L006_fastqc.html, /project2/gilad/anthonyhung/Projects/OAStrain_project/fastqc/YG-GH-12S-GH-1_S1_L006_fastqc.zip
    jobid: 1
    wildcards: sample=YG-GH-12S-GH-1_S1_L006

fastqc -o /project2/gilad/anthonyhung/Projects/OAStrain_project/fastqc/ /project2/gilad/anthonyhung/Projects/OAStrain_project/fastq/YG-GH-12S-GH-1_S1_L006_R1_001.fastq.gz
Submitted job 1 with external jobid 'Submitted batch job 64291821'.

[Fri Dec 13 20:17:01 2019]
rule fastqc:
    input: /project2/gilad/anthonyhung/Projects/OAStrain_project/fastq/YG-GH-12S-GH-2_S2_L006_R1_001.fastq.gz
    output: /project2/gilad/anthonyhung/Projects/OAStrain_project/fastqc/YG-GH-12S-GH-2_S2_L006_fastqc.html, /project2/gilad/anthonyhung/Projects/OAStrain_project/fastqc/YG-GH-12S-GH-2_S2_L006_fastqc.zip
    jobid: 2
    wildcards: sample=YG-GH-12S-GH-2_S2_L006

fastqc -o /project2/gilad/anthonyhung/Projects/OAStrain_project/fastqc/ /project2/gilad/anthonyhung/Projects/OAStrain_project/fastq/YG-GH-12S-GH-2_S2_L006_R1_001.fastq.gz
Submitted job 2 with external jobid 'Submitted batch job 64291822'.

[Fri Dec 13 20:17:01 2019]
rule star_se:
    input: /project2/gilad/anthonyhung/Projects/OAStrain_project/fastq/YG-GH-12S-GH-2_S2_L006_R1_001.fastq.gz
    output: /project2/gilad/anthonyhung/Projects/OAStrain_project/bam/YG-GH-12S-GH-2_S2_L006.bam
    log: logs/star/YG-GH-12S-GH-2_S2_L006.log
    jobid: 4
    wildcards: sample=YG-GH-12S-GH-2_S2_L006
    threads: 4

STAR --runThreadN 4 --readFilesCommand zcat --genomeDir /project2/gilad/kenneth/References/human/STARindex/CellrangerReference/ --readFilesIn /project2/gilad/anthonyhung/Projects/OAStrain_project/fastq/YG-GH-12S-GH-2_S2_L006_R1_001.fastq.gz --outFileNamePrefix /project2/gilad/anthonyhung/Projects/OAStrain_project/bam/YG-GH-12S-GH-2_S2_L006.bam --outSAMtype BAM Unsorted
Submitted job 4 with external jobid 'Submitted batch job 64291823'.
[Fri Dec 13 20:19:11 2019]
Error in rule fastqc:
    jobid: 1
    output: /project2/gilad/anthonyhung/Projects/OAStrain_project/fastqc/YG-GH-12S-GH-1_S1_L006_fastqc.html, /project2/gilad/anthonyhung/Projects/OAStrain_project/fastqc/YG-GH-12S-GH-1_S1_L006_fastqc.zip
    shell:
        fastqc -o /project2/gilad/anthonyhung/Projects/OAStrain_project/fastqc/ /project2/gilad/anthonyhung/Projects/OAStrain_project/fastq/YG-GH-12S-GH-1_S1_L006_R1_001.fastq.gz
        (one of the commands exited with non-zero exit code; note that snakemake uses bash strict mode!)
    cluster_jobid: Submitted batch job 64291821

Error executing rule fastqc on cluster (jobid: 1, external: Submitted batch job 64291821, jobscript: /project2/gilad/anthonyhung/Projects/OAStrain_project/bulkRNAseq/.snakemake/tmp.vtn_z032/snakejob.fastqc.1.sh). For error details see the cluster log and the log files of the involved rule(s).
Job failed, going on with independent jobs.
[Fri Dec 13 20:19:51 2019]
Error in rule fastqc:
    jobid: 2
    output: /project2/gilad/anthonyhung/Projects/OAStrain_project/fastqc/YG-GH-12S-GH-2_S2_L006_fastqc.html, /project2/gilad/anthonyhung/Projects/OAStrain_project/fastqc/YG-GH-12S-GH-2_S2_L006_fastqc.zip
    shell:
        fastqc -o /project2/gilad/anthonyhung/Projects/OAStrain_project/fastqc/ /project2/gilad/anthonyhung/Projects/OAStrain_project/fastq/YG-GH-12S-GH-2_S2_L006_R1_001.fastq.gz
        (one of the commands exited with non-zero exit code; note that snakemake uses bash strict mode!)
    cluster_jobid: Submitted batch job 64291822

Error executing rule fastqc on cluster (jobid: 2, external: Submitted batch job 64291822, jobscript: /project2/gilad/anthonyhung/Projects/OAStrain_project/bulkRNAseq/.snakemake/tmp.vtn_z032/snakejob.fastqc.2.sh). For error details see the cluster log and the log files of the involved rule(s).
Job failed, going on with independent jobs.
[Fri Dec 13 20:21:11 2019]
Error in rule star_se:
    jobid: 3
    output: /project2/gilad/anthonyhung/Projects/OAStrain_project/bam/YG-GH-12S-GH-1_S1_L006.bam
    log: logs/star/YG-GH-12S-GH-1_S1_L006.log (check log file(s) for error message)
    shell:
        STAR --runThreadN 4 --readFilesCommand zcat --genomeDir /project2/gilad/kenneth/References/human/STARindex/CellrangerReference/ --readFilesIn /project2/gilad/anthonyhung/Projects/OAStrain_project/fastq/YG-GH-12S-GH-1_S1_L006_R1_001.fastq.gz --outFileNamePrefix /project2/gilad/anthonyhung/Projects/OAStrain_project/bam/YG-GH-12S-GH-1_S1_L006.bam --outSAMtype BAM Unsorted
        (one of the commands exited with non-zero exit code; note that snakemake uses bash strict mode!)
    cluster_jobid: Submitted batch job 64291820

Error executing rule star_se on cluster (jobid: 3, external: Submitted batch job 64291820, jobscript: /project2/gilad/anthonyhung/Projects/OAStrain_project/bulkRNAseq/.snakemake/tmp.vtn_z032/snakejob.star_se.3.sh). For error details see the cluster log and the log files of the involved rule(s).
Job failed, going on with independent jobs.
[Fri Dec 13 20:22:31 2019]
Error in rule star_se:
    jobid: 4
    output: /project2/gilad/anthonyhung/Projects/OAStrain_project/bam/YG-GH-12S-GH-2_S2_L006.bam
    log: logs/star/YG-GH-12S-GH-2_S2_L006.log (check log file(s) for error message)
    shell:
        STAR --runThreadN 4 --readFilesCommand zcat --genomeDir /project2/gilad/kenneth/References/human/STARindex/CellrangerReference/ --readFilesIn /project2/gilad/anthonyhung/Projects/OAStrain_project/fastq/YG-GH-12S-GH-2_S2_L006_R1_001.fastq.gz --outFileNamePrefix /project2/gilad/anthonyhung/Projects/OAStrain_project/bam/YG-GH-12S-GH-2_S2_L006.bam --outSAMtype BAM Unsorted
        (one of the commands exited with non-zero exit code; note that snakemake uses bash strict mode!)
    cluster_jobid: Submitted batch job 64291823

Error executing rule star_se on cluster (jobid: 4, external: Submitted batch job 64291823, jobscript: /project2/gilad/anthonyhung/Projects/OAStrain_project/bulkRNAseq/.snakemake/tmp.vtn_z032/snakejob.star_se.4.sh). For error details see the cluster log and the log files of the involved rule(s).
Job failed, going on with independent jobs.
Exiting because a job execution failed. Look above for error message
Complete log: /project2/gilad/anthonyhung/Projects/OAStrain_project/bulkRNAseq/.snakemake/log/2019-12-13T201701.532595.snakemake.log
