Building DAG of jobs...
Using shell: /bin/bash
Provided cluster nodes: 150
Job counts:
	count	jobs
	1	all
	2	fastqc
	1	featurecount
	2	index_bam
	1	multiqc
	2	samtools_stats
	2	sort_bam
	2	star_se
	13

[Sun Dec 15 09:29:27 2019]
rule fastqc:
    input: /project2/gilad/anthonyhung/Projects/OAStrain_project/fastq/YG-GH-12S-GH-1_S1_L006_R1_001.fastq.gz
    output: /project2/gilad/anthonyhung/Projects/OAStrain_project/qc/fastqc/html/YG-GH-12S-GH-1_S1_L006_fastqc.html, /project2/gilad/anthonyhung/Projects/OAStrain_project/qc/fastqc/zip/YG-GH-12S-GH-1_S1_L006_fastqc.zip
    jobid: 12
    wildcards: sample=YG-GH-12S-GH-1_S1_L006

fastqc -o /project2/gilad/anthonyhung/Projects/OAStrain_project/qc/ /project2/gilad/anthonyhung/Projects/OAStrain_project/fastq/YG-GH-12S-GH-1_S1_L006_R1_001.fastq.gz
Submitted job 12 with external jobid 'Submitted batch job 64303151'.

[Sun Dec 15 09:29:27 2019]
rule star_se:
    input: /project2/gilad/anthonyhung/Projects/OAStrain_project/fastq/YG-GH-12S-GH-2_S2_L006_R1_001.fastq.gz
    output: /project2/gilad/anthonyhung/Projects/OAStrain_project/bam/YG-GH-12S-GH-2_S2_L006.Log.final.out, /project2/gilad/anthonyhung/Projects/OAStrain_project/bam/YG-GH-12S-GH-2_S2_L006.bam
    jobid: 1
    wildcards: sample=YG-GH-12S-GH-2_S2_L006
    threads: 4

STAR --runThreadN 4 --readFilesCommand zcat --genomeDir /project2/gilad/kenneth/References/human/STARindex/CellrangerReference/ --readFilesIn /project2/gilad/anthonyhung/Projects/OAStrain_project/fastq/YG-GH-12S-GH-2_S2_L006_R1_001.fastq.gz --outFileNamePrefix /project2/gilad/anthonyhung/Projects/OAStrain_project/bam/YG-GH-12S-GH-2_S2_L006 --outSAMtype BAM Unsorted
Submitted job 1 with external jobid 'Submitted batch job 64303152'.

[Sun Dec 15 09:29:27 2019]
rule fastqc:
    input: /project2/gilad/anthonyhung/Projects/OAStrain_project/fastq/YG-GH-12S-GH-2_S2_L006_R1_001.fastq.gz
    output: /project2/gilad/anthonyhung/Projects/OAStrain_project/qc/fastqc/html/YG-GH-12S-GH-2_S2_L006_fastqc.html, /project2/gilad/anthonyhung/Projects/OAStrain_project/qc/fastqc/zip/YG-GH-12S-GH-2_S2_L006_fastqc.zip
    jobid: 11
    wildcards: sample=YG-GH-12S-GH-2_S2_L006

fastqc -o /project2/gilad/anthonyhung/Projects/OAStrain_project/qc/ /project2/gilad/anthonyhung/Projects/OAStrain_project/fastq/YG-GH-12S-GH-2_S2_L006_R1_001.fastq.gz
Submitted job 11 with external jobid 'Submitted batch job 64303153'.

[Sun Dec 15 09:29:28 2019]
rule star_se:
    input: /project2/gilad/anthonyhung/Projects/OAStrain_project/fastq/YG-GH-12S-GH-1_S1_L006_R1_001.fastq.gz
    output: /project2/gilad/anthonyhung/Projects/OAStrain_project/bam/YG-GH-12S-GH-1_S1_L006.Log.final.out, /project2/gilad/anthonyhung/Projects/OAStrain_project/bam/YG-GH-12S-GH-1_S1_L006.bam
    jobid: 2
    wildcards: sample=YG-GH-12S-GH-1_S1_L006
    threads: 4

STAR --runThreadN 4 --readFilesCommand zcat --genomeDir /project2/gilad/kenneth/References/human/STARindex/CellrangerReference/ --readFilesIn /project2/gilad/anthonyhung/Projects/OAStrain_project/fastq/YG-GH-12S-GH-1_S1_L006_R1_001.fastq.gz --outFileNamePrefix /project2/gilad/anthonyhung/Projects/OAStrain_project/bam/YG-GH-12S-GH-1_S1_L006 --outSAMtype BAM Unsorted
Submitted job 2 with external jobid 'Submitted batch job 64303154'.
[Sun Dec 15 09:31:48 2019]
Error in rule fastqc:
    jobid: 12
    output: /project2/gilad/anthonyhung/Projects/OAStrain_project/qc/fastqc/html/YG-GH-12S-GH-1_S1_L006_fastqc.html, /project2/gilad/anthonyhung/Projects/OAStrain_project/qc/fastqc/zip/YG-GH-12S-GH-1_S1_L006_fastqc.zip
    shell:
        fastqc -o /project2/gilad/anthonyhung/Projects/OAStrain_project/qc/ /project2/gilad/anthonyhung/Projects/OAStrain_project/fastq/YG-GH-12S-GH-1_S1_L006_R1_001.fastq.gz
        (one of the commands exited with non-zero exit code; note that snakemake uses bash strict mode!)
    cluster_jobid: Submitted batch job 64303151

Error executing rule fastqc on cluster (jobid: 12, external: Submitted batch job 64303151, jobscript: /project2/gilad/anthonyhung/Projects/OAStrain_project/bulkRNAseq/.snakemake/tmp.qa4nidk8/snakejob.fastqc.12.sh). For error details see the cluster log and the log files of the involved rule(s).
Job failed, going on with independent jobs.
[Sun Dec 15 09:32:08 2019]
Error in rule fastqc:
    jobid: 11
    output: /project2/gilad/anthonyhung/Projects/OAStrain_project/qc/fastqc/html/YG-GH-12S-GH-2_S2_L006_fastqc.html, /project2/gilad/anthonyhung/Projects/OAStrain_project/qc/fastqc/zip/YG-GH-12S-GH-2_S2_L006_fastqc.zip
    shell:
        fastqc -o /project2/gilad/anthonyhung/Projects/OAStrain_project/qc/ /project2/gilad/anthonyhung/Projects/OAStrain_project/fastq/YG-GH-12S-GH-2_S2_L006_R1_001.fastq.gz
        (one of the commands exited with non-zero exit code; note that snakemake uses bash strict mode!)
    cluster_jobid: Submitted batch job 64303153

Error executing rule fastqc on cluster (jobid: 11, external: Submitted batch job 64303153, jobscript: /project2/gilad/anthonyhung/Projects/OAStrain_project/bulkRNAseq/.snakemake/tmp.qa4nidk8/snakejob.fastqc.11.sh). For error details see the cluster log and the log files of the involved rule(s).
Job failed, going on with independent jobs.
[Sun Dec 15 09:33:38 2019]
Error in rule star_se:
    jobid: 2
    output: /project2/gilad/anthonyhung/Projects/OAStrain_project/bam/YG-GH-12S-GH-1_S1_L006.Log.final.out, /project2/gilad/anthonyhung/Projects/OAStrain_project/bam/YG-GH-12S-GH-1_S1_L006.bam
    shell:
        STAR --runThreadN 4 --readFilesCommand zcat --genomeDir /project2/gilad/kenneth/References/human/STARindex/CellrangerReference/ --readFilesIn /project2/gilad/anthonyhung/Projects/OAStrain_project/fastq/YG-GH-12S-GH-1_S1_L006_R1_001.fastq.gz --outFileNamePrefix /project2/gilad/anthonyhung/Projects/OAStrain_project/bam/YG-GH-12S-GH-1_S1_L006 --outSAMtype BAM Unsorted
        (one of the commands exited with non-zero exit code; note that snakemake uses bash strict mode!)
    cluster_jobid: Submitted batch job 64303154

Error executing rule star_se on cluster (jobid: 2, external: Submitted batch job 64303154, jobscript: /project2/gilad/anthonyhung/Projects/OAStrain_project/bulkRNAseq/.snakemake/tmp.qa4nidk8/snakejob.star_se.2.sh). For error details see the cluster log and the log files of the involved rule(s).
Job failed, going on with independent jobs.
[Sun Dec 15 09:34:58 2019]
Error in rule star_se:
    jobid: 1
    output: /project2/gilad/anthonyhung/Projects/OAStrain_project/bam/YG-GH-12S-GH-2_S2_L006.Log.final.out, /project2/gilad/anthonyhung/Projects/OAStrain_project/bam/YG-GH-12S-GH-2_S2_L006.bam
    shell:
        STAR --runThreadN 4 --readFilesCommand zcat --genomeDir /project2/gilad/kenneth/References/human/STARindex/CellrangerReference/ --readFilesIn /project2/gilad/anthonyhung/Projects/OAStrain_project/fastq/YG-GH-12S-GH-2_S2_L006_R1_001.fastq.gz --outFileNamePrefix /project2/gilad/anthonyhung/Projects/OAStrain_project/bam/YG-GH-12S-GH-2_S2_L006 --outSAMtype BAM Unsorted
        (one of the commands exited with non-zero exit code; note that snakemake uses bash strict mode!)
    cluster_jobid: Submitted batch job 64303152

Error executing rule star_se on cluster (jobid: 1, external: Submitted batch job 64303152, jobscript: /project2/gilad/anthonyhung/Projects/OAStrain_project/bulkRNAseq/.snakemake/tmp.qa4nidk8/snakejob.star_se.1.sh). For error details see the cluster log and the log files of the involved rule(s).
Job failed, going on with independent jobs.
Exiting because a job execution failed. Look above for error message
Complete log: /project2/gilad/anthonyhung/Projects/OAStrain_project/bulkRNAseq/.snakemake/log/2019-12-15T092927.789310.snakemake.log
