Building DAG of jobs...
Using shell: /bin/bash
Provided cluster nodes: 150
Job counts:
	count	jobs
	1	all
	1	featurecount
	2	index_bam
	2	samtools_stats
	2	sort_bam
	2	star_se
	10

[Sat Dec 14 10:39:16 2019]
rule star_se:
    input: /project2/gilad/anthonyhung/Projects/OAStrain_project/fastq/YG-GH-12S-GH-2_S2_L006_R1_001.fastq.gz
    output: /project2/gilad/anthonyhung/Projects/OAStrain_project/bam/YG-GH-12S-GH-2_S2_L006.bam
    jobid: 1
    wildcards: sample=YG-GH-12S-GH-2_S2_L006
    threads: 4

STAR --runThreadN 4 --readFilesCommand zcat --genomeDir /project2/gilad/kenneth/References/human/STARindex/CellrangerReference/ --readFilesIn /project2/gilad/anthonyhung/Projects/OAStrain_project/fastq/YG-GH-12S-GH-2_S2_L006_R1_001.fastq.gz --outFileNamePrefix /project2/gilad/anthonyhung/Projects/OAStrain_project/bam/YG-GH-12S-GH-2_S2_L006.bam --outSAMtype BAM Unsorted
Submitted job 1 with external jobid 'Submitted batch job 64295709'.

[Sat Dec 14 10:39:16 2019]
rule star_se:
    input: /project2/gilad/anthonyhung/Projects/OAStrain_project/fastq/YG-GH-12S-GH-1_S1_L006_R1_001.fastq.gz
    output: /project2/gilad/anthonyhung/Projects/OAStrain_project/bam/YG-GH-12S-GH-1_S1_L006.bam
    jobid: 2
    wildcards: sample=YG-GH-12S-GH-1_S1_L006
    threads: 4

STAR --runThreadN 4 --readFilesCommand zcat --genomeDir /project2/gilad/kenneth/References/human/STARindex/CellrangerReference/ --readFilesIn /project2/gilad/anthonyhung/Projects/OAStrain_project/fastq/YG-GH-12S-GH-1_S1_L006_R1_001.fastq.gz --outFileNamePrefix /project2/gilad/anthonyhung/Projects/OAStrain_project/bam/YG-GH-12S-GH-1_S1_L006.bam --outSAMtype BAM Unsorted
Submitted job 2 with external jobid 'Submitted batch job 64295710'.
[Sat Dec 14 10:43:36 2019]
Error in rule star_se:
    jobid: 2
    output: /project2/gilad/anthonyhung/Projects/OAStrain_project/bam/YG-GH-12S-GH-1_S1_L006.bam
    shell:
        STAR --runThreadN 4 --readFilesCommand zcat --genomeDir /project2/gilad/kenneth/References/human/STARindex/CellrangerReference/ --readFilesIn /project2/gilad/anthonyhung/Projects/OAStrain_project/fastq/YG-GH-12S-GH-1_S1_L006_R1_001.fastq.gz --outFileNamePrefix /project2/gilad/anthonyhung/Projects/OAStrain_project/bam/YG-GH-12S-GH-1_S1_L006.bam --outSAMtype BAM Unsorted
        (one of the commands exited with non-zero exit code; note that snakemake uses bash strict mode!)
    cluster_jobid: Submitted batch job 64295710

Error executing rule star_se on cluster (jobid: 2, external: Submitted batch job 64295710, jobscript: /project2/gilad/anthonyhung/Projects/OAStrain_project/bulkRNAseq/.snakemake/tmp.iprwqoc6/snakejob.star_se.2.sh). For error details see the cluster log and the log files of the involved rule(s).
Job failed, going on with independent jobs.
[Sat Dec 14 10:45:06 2019]
Error in rule star_se:
    jobid: 1
    output: /project2/gilad/anthonyhung/Projects/OAStrain_project/bam/YG-GH-12S-GH-2_S2_L006.bam
    shell:
        STAR --runThreadN 4 --readFilesCommand zcat --genomeDir /project2/gilad/kenneth/References/human/STARindex/CellrangerReference/ --readFilesIn /project2/gilad/anthonyhung/Projects/OAStrain_project/fastq/YG-GH-12S-GH-2_S2_L006_R1_001.fastq.gz --outFileNamePrefix /project2/gilad/anthonyhung/Projects/OAStrain_project/bam/YG-GH-12S-GH-2_S2_L006.bam --outSAMtype BAM Unsorted
        (one of the commands exited with non-zero exit code; note that snakemake uses bash strict mode!)
    cluster_jobid: Submitted batch job 64295709

Error executing rule star_se on cluster (jobid: 1, external: Submitted batch job 64295709, jobscript: /project2/gilad/anthonyhung/Projects/OAStrain_project/bulkRNAseq/.snakemake/tmp.iprwqoc6/snakejob.star_se.1.sh). For error details see the cluster log and the log files of the involved rule(s).
Job failed, going on with independent jobs.
Exiting because a job execution failed. Look above for error message
Complete log: /project2/gilad/anthonyhung/Projects/OAStrain_project/bulkRNAseq/.snakemake/log/2019-12-14T103915.523107.snakemake.log
