Building DAG of jobs...
Using shell: /bin/bash
Provided cluster nodes: 150
Job counts:
	count	jobs
	1	all
	1	subset_vcf
	2

[Tue Dec  3 10:51:55 2019]
rule subset_vcf:
    output: human.vcf
    log: log/rule_subset_vcf.err
    jobid: 1


        bcftools view -s NA19160,NA18855,NA18856 /project2/gilad/kenneth/References/human/vcfs/human.YRI.cellranger.exons.vcf > human.vcf 2> log/rule_subset_vcf.err
        
Submitted job 1 with external jobid 'Submitted batch job 64121393'.
[Tue Dec  3 11:06:26 2019]
Finished job 1.
1 of 2 steps (50%) done

[Tue Dec  3 11:06:26 2019]
localrule all:
    input: human.vcf
    jobid: 0

[Tue Dec  3 11:06:26 2019]
Finished job 0.
2 of 2 steps (100%) done
Complete log: /project2/gilad/anthonyhung/Projects/OAStrain_project/YriMultiplex/.snakemake/log/2019-12-03T105154.787089.snakemake.log
